\BOOKMARK [1][-]{section.1}{Basics}{}% 1
\BOOKMARK [2][-]{subsection.1.1}{Pages}{section.1}% 2
\BOOKMARK [2][-]{subsection.1.2}{Lines}{section.1}% 3
\BOOKMARK [2][-]{subsection.1.3}{Hyphenation}{section.1}% 4
\BOOKMARK [2][-]{subsection.1.4}{Internet links}{section.1}% 5
\BOOKMARK [2][-]{subsection.1.5}{End of sentences}{section.1}% 6
\BOOKMARK [2][-]{subsection.1.6}{Cross-reference}{section.1}% 7
\BOOKMARK [2][-]{subsection.1.7}{Footnotessample\137footnote\1371}{section.1}% 8
\BOOKMARK [2][-]{subsection.1.8}{Emphasizing}{section.1}% 9
\BOOKMARK [2][-]{subsection.1.9}{Alignment}{section.1}% 10
\BOOKMARK [2][-]{subsection.1.10}{Enumerates \046 Items \046 Descriptions}{section.1}% 11
\BOOKMARK [2][-]{subsection.1.11}{Quatation}{section.1}% 12
\BOOKMARK [2][-]{subsection.1.12}{Raw printing}{section.1}% 13
\BOOKMARK [2][-]{subsection.1.13}{Tables}{section.1}% 14
\BOOKMARK [2][-]{subsection.1.14}{Floats}{section.1}% 15
\BOOKMARK [1][-]{section.2}{Mathematical equations}{}% 16
\BOOKMARK [2][-]{subsection.2.1}{Inline equations}{section.2}% 17
\BOOKMARK [2][-]{subsection.2.2}{New paragraphic equations}{section.2}% 18
\BOOKMARK [2][-]{subsection.2.3}{Cross-reference}{section.2}% 19
\BOOKMARK [2][-]{subsection.2.4}{Texts in mathematical equations}{section.2}% 20
\BOOKMARK [2][-]{subsection.2.5}{Greeks}{section.2}% 21
\BOOKMARK [2][-]{subsection.2.6}{Roots}{section.2}% 22
\BOOKMARK [2][-]{subsection.2.7}{Braces}{section.2}% 23
\BOOKMARK [2][-]{subsection.2.8}{Vectors}{section.2}% 24
\BOOKMARK [2][-]{subsection.2.9}{Derivatives \046 Integrals \046 Summations \046 Products }{section.2}% 25
\BOOKMARK [2][-]{subsection.2.10}{Functions}{section.2}% 26
\BOOKMARK [2][-]{subsection.2.11}{Fractions}{section.2}% 27
\BOOKMARK [2][-]{subsection.2.12}{Binomials}{section.2}% 28
\BOOKMARK [2][-]{subsection.2.13}{Brackets}{section.2}% 29
\BOOKMARK [2][-]{subsection.2.14}{Arrays}{section.2}% 30
\BOOKMARK [2][-]{subsection.2.15}{Multilines}{section.2}% 31
\BOOKMARK [2][-]{subsection.2.16}{Advanced alignment with amsmath package}{section.2}% 32
\BOOKMARK [2][-]{subsection.2.17}{Delicate space control}{section.2}% 33
\BOOKMARK [2][-]{subsection.2.18}{Bold in equations}{section.2}% 34
\BOOKMARK [2][-]{subsection.2.19}{Encapsulated PostScript, .eps}{section.2}% 35
\BOOKMARK [2][-]{subsection.2.20}{References}{section.2}% 36
